[2026-02-24T20:24:20+08:00] ============================================================
[2026-02-24T20:24:20+08:00] CI/CD pipeline monitor started
[2026-02-24T20:24:20+08:00] Check at 0s elapsed
[2026-02-24T20:24:20+08:00] Service: payrix-api-tester-dev, Branch: dev
[2026-02-24T20:24:20+08:00] Current step: E2E_SETUP
[2026-02-24T20:24:20+08:00] Last updated: 2026-02-24T12:30:00Z
[2026-02-24T20:24:20+08:00] Executing step script: /home/exoulster/.openclaw/shared/office-openclaw/skills/cicd-pipeline/scripts/steps/e2e_setup.sh
[2026-02-24T20:24:21+08:00] ⚠ Browserless container not found - defaulting to port 3000
[2026-02-24T20:24:21+08:00] Browserless WS: ws://localhost:3000
[2026-02-24T20:24:21+08:00] Browserless HTTP: http://localhost:3000
[2026-02-24T20:24:21+08:00] === E2E_SETUP step started ===
[2026-02-24T20:24:21+08:00] Service: payrix-api-tester-dev
[2026-02-24T20:24:21+08:00] Service URL: https://payrix-api-tester-dev-czwo4jlhdq-uc.a.run.app
[2026-02-24T20:24:21+08:00] Project dir: /home/exoulster/.openclaw/workspace
[2026-02-24T20:24:21+08:00] 
[2026-02-24T20:24:21+08:00] Step 1: Checking playwright.config.ts existence
[2026-02-24T20:24:21+08:00] ✓ playwright.config.ts exists
[2026-02-24T20:24:21+08:00] Step 2: Checking Browserless configuration in playwright.config.ts
[2026-02-24T20:24:21+08:00] ✓ Browserless referenced in config
[2026-02-24T20:24:21+08:00] Step 3: Checking test:e2e script
[2026-02-24T20:24:21+08:00] ✓ test:e2e script exists
[2026-02-24T20:24:21+08:00] Step 4: Checking Browserless container
[2026-02-24T20:24:21+08:00] ✓ Browserless is running
[2026-02-24T20:24:21+08:00] 
[2026-02-24T20:24:21+08:00] All prerequisites verified ✓
[2026-02-24T20:24:21+08:00] 
[2026-02-24T20:24:21+08:00] Checking if IAP is enabled for https://payrix-api-tester-dev-czwo4jlhdq-uc.a.run.app
[2026-02-24T20:24:22+08:00] ✓ Service requires authentication (HTTP 302) - IAP enabled
[2026-02-24T20:24:22+08:00] Generating IAP token...
[2026-02-24T20:24:22+08:00] Generating IAP token for https://payrix-api-tester-dev-czwo4jlhdq-uc.a.run.app
[2026-02-24T20:24:25+08:00] Verifying IAP access...
[2026-02-24T20:24:25+08:00] Checking IAP access to https://payrix-api-tester-dev-czwo4jlhdq-uc.a.run.app
[2026-02-24T20:24:30+08:00] ✓ IAP access verified (HTTP 307)
[2026-02-24T20:24:30+08:00] ✓ IAP authentication verified
[2026-02-24T20:24:30+08:00] ✓ Detected package manager: npm run
[2026-02-24T20:24:30+08:00] 
[2026-02-24T20:24:30+08:00] === All E2E prerequisites verified - ready for testing ===
[2026-02-24T20:24:30+08:00] 
[2026-02-24T20:24:30+08:00] Step E2E_SETUP completed successfully
[2026-02-24T20:24:30+08:00] State advanced: E2E_SETUP → E2E_RUNNING
[2026-02-24T20:24:30+08:00] Continuing with next check
[2026-02-24T20:24:32+08:00] Check at 12s elapsed
[2026-02-24T20:24:32+08:00] Service: payrix-api-tester-dev, Branch: dev
[2026-02-24T20:24:32+08:00] Current step: E2E_RUNNING
[2026-02-24T20:24:32+08:00] Last updated: 2026-02-24T20:24:30+08:00
[2026-02-24T20:24:32+08:00] Executing step script: /home/exoulster/.openclaw/shared/office-openclaw/skills/cicd-pipeline/scripts/steps/e2e_running.sh
[2026-02-24T20:24:33+08:00] ⚠ Browserless container not found - defaulting to port 3000
[2026-02-24T20:24:33+08:00] Browserless WS: ws://localhost:3000
[2026-02-24T20:24:33+08:00] === E2E_RUNNING step started ===
[2026-02-24T20:24:33+08:00] Service: payrix-api-tester-dev
[2026-02-24T20:24:33+08:00] Service URL: https://payrix-api-tester-dev-czwo4jlhdq-uc.a.run.app
[2026-02-24T20:24:33+08:00] Project dir: /home/exoulster/.openclaw/workspace
[2026-02-24T20:24:33+08:00] E2E running: false
[2026-02-24T20:24:33+08:00] 
[2026-02-24T20:24:33+08:00] Launching E2E tests in background...
[2026-02-24T20:24:33+08:00] Regenerating IAP token for test execution...
[2026-02-24T20:24:33+08:00] Generating IAP token for https://payrix-api-tester-dev-czwo4jlhdq-uc.a.run.app
[2026-02-24T20:24:36+08:00] ✓ Fresh IAP token generated (60-minute TTL)
[2026-02-24T20:24:36+08:00] Package manager: npm run
[2026-02-24T20:24:36+08:00] IAP enabled: true
[2026-02-24T20:24:36+08:00] Generating test checklist...
[2026-02-24T20:24:36+08:00] Generating test checklist by parsing test files...
[2026-02-24T20:24:36+08:00] ✓ Generated checklist with 36 tests from spec files
[2026-02-24T20:24:36+08:00] ✓ Checklist initialized with 36 tests
[2026-02-24T20:24:36+08:00] IAP authentication: enabled
[2026-02-24T20:24:36+08:00] Launching tests in tmux session 'e2e-tests'...
[2026-02-24T20:24:36+08:00] ✓ Tests launched in background (tmux session 'e2e-tests')
[2026-02-24T20:24:36+08:00] Will check status on next cron tick
[2026-02-24T20:24:36+08:00] Step E2E_RUNNING completed successfully
[2026-02-24T20:24:36+08:00] State updated but step unchanged (step: E2E_RUNNING)
[2026-02-24T20:24:36+08:00] No advancement (check 0/2) - sleeping 2s
[2026-02-24T20:24:38+08:00] Check at 18s elapsed
[2026-02-24T20:24:38+08:00] Service: payrix-api-tester-dev, Branch: dev
[2026-02-24T20:24:38+08:00] Current step: E2E_RUNNING
[2026-02-24T20:24:38+08:00] Last updated: 2026-02-24T20:24:36+08:00
[2026-02-24T20:24:38+08:00] Executing step script: /home/exoulster/.openclaw/shared/office-openclaw/skills/cicd-pipeline/scripts/steps/e2e_running.sh
[2026-02-24T20:24:39+08:00] ⚠ Browserless container not found - defaulting to port 3000
[2026-02-24T20:24:39+08:00] Browserless WS: ws://localhost:3000
[2026-02-24T20:24:39+08:00] === E2E_RUNNING step started ===
[2026-02-24T20:24:39+08:00] Service: payrix-api-tester-dev
[2026-02-24T20:24:39+08:00] Service URL: https://payrix-api-tester-dev-czwo4jlhdq-uc.a.run.app
[2026-02-24T20:24:39+08:00] Project dir: /home/exoulster/.openclaw/workspace
[2026-02-24T20:24:39+08:00] E2E running: true
[2026-02-24T20:24:39+08:00] 
[2026-02-24T20:24:39+08:00] E2E tests already running - checking status...
[2026-02-24T20:24:39+08:00] Tmux session 'e2e-tests' still alive
[2026-02-24T20:24:39+08:00] Tests initializing (no progress yet)
[2026-02-24T20:24:39+08:00] Will check again on next cron tick
[2026-02-24T20:24:39+08:00] Step E2E_RUNNING completed successfully
[2026-02-24T20:24:39+08:00] State updated but step unchanged (step: E2E_RUNNING)
[2026-02-24T20:24:39+08:00] No advancement (check 0/2) - sleeping 2s
[2026-02-24T20:24:41+08:00] Check at 21s elapsed
[2026-02-24T20:24:41+08:00] Service: payrix-api-tester-dev, Branch: dev
[2026-02-24T20:24:41+08:00] Current step: E2E_RUNNING
[2026-02-24T20:24:41+08:00] Last updated: 2026-02-24T20:24:39+08:00
[2026-02-24T20:24:41+08:00] Executing step script: /home/exoulster/.openclaw/shared/office-openclaw/skills/cicd-pipeline/scripts/steps/e2e_running.sh
[2026-02-24T20:24:42+08:00] ⚠ Browserless container not found - defaulting to port 3000
[2026-02-24T20:24:42+08:00] ERROR: Step E2E_RUNNING failed with exit code 2
[2026-02-24T20:24:42+08:00] ERROR: Step execution failed
[2026-02-24T20:24:42+08:00] No state change detected (step: E2E_RUNNING)
[2026-02-24T20:24:42+08:00] No advancement (check 1/2) - sleeping 2s
[2026-02-24T20:24:44+08:00] Check at 24s elapsed
[2026-02-24T20:24:44+08:00] Service: payrix-api-tester-dev, Branch: dev
[2026-02-24T20:24:44+08:00] Current step: E2E_RUNNING
[2026-02-24T20:24:44+08:00] Last updated: 2026-02-24T20:24:39+08:00
[2026-02-24T20:24:44+08:00] Executing step script: /home/exoulster/.openclaw/shared/office-openclaw/skills/cicd-pipeline/scripts/steps/e2e_running.sh
[2026-02-24T20:24:45+08:00] === E2E_RUNNING step started (delegating to e2e skill) ===
[2026-02-24T20:24:45+08:00] Service URL: https://payrix-api-tester-dev-czwo4jlhdq-uc.a.run.app
[2026-02-24T20:24:45+08:00] Project dir: /home/exoulster/.openclaw/workspace
[2026-02-24T20:30:13+08:00] ============================================================
[2026-02-24T20:30:13+08:00] CI/CD pipeline monitor started
[2026-02-24T20:30:13+08:00] Check at 0s elapsed
[2026-02-24T20:30:13+08:00] Service: payrix-api-tester-dev, Branch: dev
[2026-02-24T20:30:13+08:00] Current step: E2E_RUNNING
[2026-02-24T20:30:13+08:00] Last updated: 2026-02-24T20:24:39+08:00
[2026-02-24T20:30:13+08:00] Executing step script: /home/exoulster/.openclaw/shared/office-openclaw/skills/cicd-pipeline/scripts/steps/e2e_running.sh
[2026-02-24T20:30:14+08:00] === E2E_RUNNING step started (delegating to e2e skill) ===
[2026-02-24T20:30:14+08:00] Service URL: https://payrix-api-tester-dev-czwo4jlhdq-uc.a.run.app
[2026-02-24T20:30:14+08:00] Project dir: /home/exoulster/.openclaw/workspace
[2026-02-24T20:36:05+08:00] ============================================================
[2026-02-24T20:36:05+08:00] CI/CD pipeline monitor started
[2026-02-24T20:36:05+08:00] Check at 0s elapsed
[2026-02-24T20:36:05+08:00] Service: payrix-api-tester-dev, Branch: dev
[2026-02-24T20:36:05+08:00] Current step: E2E_RUNNING
[2026-02-24T20:36:05+08:00] Last updated: 2026-02-24T20:24:39+08:00
[2026-02-24T20:36:05+08:00] Executing step script: /home/exoulster/.openclaw/shared/office-openclaw/skills/cicd-pipeline/scripts/steps/e2e_running.sh
[2026-02-24T20:36:06+08:00] === E2E_RUNNING step started (delegating to e2e skill) ===
[2026-02-24T20:36:06+08:00] Service URL: https://payrix-api-tester-dev-czwo4jlhdq-uc.a.run.app
[2026-02-24T20:36:06+08:00] Project dir: /home/exoulster/.openclaw/workspace
[2026-02-24T20:42:15+08:00] ============================================================
[2026-02-24T20:42:15+08:00] CI/CD pipeline monitor started
[2026-02-24T20:42:16+08:00] Check at 0s elapsed
[2026-02-24T20:42:16+08:00] Service: payrix-api-tester-dev, Branch: dev
[2026-02-24T20:42:16+08:00] Current step: E2E_RUNNING
[2026-02-24T20:42:16+08:00] Last updated: 2026-02-24T20:24:39+08:00
[2026-02-24T20:42:16+08:00] Executing step script: /home/exoulster/.openclaw/shared/office-openclaw/skills/cicd-pipeline/scripts/steps/e2e_running.sh
[2026-02-24T20:42:16+08:00] === E2E_RUNNING step started (delegating to e2e skill) ===
[2026-02-24T20:42:16+08:00] Service URL: https://payrix-api-tester-dev-czwo4jlhdq-uc.a.run.app
[2026-02-24T20:42:16+08:00] Project dir: /home/exoulster/.openclaw/workspace
[2026-02-24T20:45:11+08:00] ============================================================
[2026-02-24T20:45:11+08:00] CI/CD pipeline monitor started
[2026-02-24T20:45:11+08:00] Check at 0s elapsed
[2026-02-24T20:45:11+08:00] Service: payrix-api-tester-dev, Branch: dev
[2026-02-24T20:45:11+08:00] Current step: E2E_RUNNING
[2026-02-24T20:45:11+08:00] Last updated: 2026-02-24T20:24:39+08:00
[2026-02-24T20:45:11+08:00] Executing step script: /home/exoulster/.openclaw/shared/office-openclaw/skills/cicd-pipeline/scripts/steps/e2e_running.sh
[2026-02-24T20:45:12+08:00] === E2E_RUNNING step started (delegating to e2e skill) ===
[2026-02-24T20:45:12+08:00] Service URL: https://payrix-api-tester-dev-czwo4jlhdq-uc.a.run.app
[2026-02-24T20:45:12+08:00] Project dir: /home/exoulster/.openclaw/workspace
[2026-02-24T20:51:07+08:00] ============================================================
[2026-02-24T20:51:07+08:00] CI/CD pipeline monitor started
[2026-02-24T20:51:07+08:00] Check at 0s elapsed
[2026-02-24T20:51:07+08:00] Service: payrix-api-tester-dev, Branch: dev
[2026-02-24T20:51:07+08:00] Current step: E2E_RUNNING
[2026-02-24T20:51:07+08:00] Last updated: 2026-02-24T20:24:39+08:00
[2026-02-24T20:51:07+08:00] Executing step script: /home/exoulster/.openclaw/shared/office-openclaw/skills/cicd-pipeline/scripts/steps/e2e_running.sh
[2026-02-24T20:51:08+08:00] === E2E_RUNNING step started (delegating to e2e skill) ===
[2026-02-24T20:51:08+08:00] Service URL: https://payrix-api-tester-dev-czwo4jlhdq-uc.a.run.app
[2026-02-24T20:51:08+08:00] Project dir: /home/exoulster/.openclaw/workspace
